TN:
SF:src\app.js
FN:14,(anonymous_0)
FNF:1
FNH:0
FNDA:0,(anonymous_0)
DA:1,1
DA:2,1
DA:3,1
DA:4,1
DA:6,1
DA:8,1
DA:11,1
DA:12,1
DA:14,1
DA:16,0
DA:22,1
LF:11
LH:10
BRF:0
BRH:0
end_of_record
TN:
SF:src\index.js
FN:6,(anonymous_0)
FN:6,(anonymous_1)
FN:8,(anonymous_2)
FNF:3
FNH:0
FNDA:0,(anonymous_0)
FNDA:0,(anonymous_1)
FNDA:0,(anonymous_2)
DA:1,0
DA:2,0
DA:3,0
DA:6,0
DA:8,0
LF:5
LH:0
BRDA:3,0,0,0
BRDA:3,0,1,0
BRF:2
BRH:0
end_of_record
TN:
SF:src\models\student.js
FNF:0
FNH:0
DA:1,1
DA:2,1
DA:4,1
DA:27,1
LF:4
LH:4
BRF:0
BRH:0
end_of_record
TN:
SF:src\routes\student.js
FN:6,(anonymous_0)
FN:10,(anonymous_1)
FN:11,(anonymous_2)
FN:15,(anonymous_3)
FN:18,(anonymous_4)
FN:19,(anonymous_5)
FN:23,(anonymous_6)
FN:27,(anonymous_7)
FN:28,(anonymous_8)
FN:33,(anonymous_9)
FN:39,(anonymous_10)
FN:40,(anonymous_11)
FN:45,(anonymous_12)
FN:49,(anonymous_13)
FN:50,(anonymous_14)
FNF:15
FNH:10
FNDA:1,(anonymous_0)
FNDA:1,(anonymous_1)
FNDA:0,(anonymous_2)
FNDA:1,(anonymous_3)
FNDA:1,(anonymous_4)
FNDA:0,(anonymous_5)
FNDA:1,(anonymous_6)
FNDA:1,(anonymous_7)
FNDA:0,(anonymous_8)
FNDA:1,(anonymous_9)
FNDA:0,(anonymous_10)
FNDA:1,(anonymous_11)
FNDA:1,(anonymous_12)
FNDA:0,(anonymous_13)
FNDA:1,(anonymous_14)
DA:1,1
DA:2,1
DA:3,1
DA:6,1
DA:7,1
DA:8,1
DA:10,1
DA:11,0
DA:15,1
DA:16,1
DA:18,1
DA:19,0
DA:23,1
DA:24,1
DA:25,1
DA:27,1
DA:28,0
DA:33,1
DA:35,1
DA:36,1
DA:37,1
DA:39,0
DA:40,1
DA:45,1
DA:46,1
DA:47,1
DA:49,0
DA:50,1
DA:53,1
LF:29
LH:24
BRF:0
BRH:0
end_of_record
